2016/01/01 18:37:48 INFO  - jmeter.util.JMeterUtils: Setting Locale to en_US 
2016/01/01 18:37:48 INFO  - jmeter.JMeter: Loading user properties from: /usr/local/Cellar/jmeter/2.13/libexec/bin/user.properties 
2016/01/01 18:37:48 INFO  - jmeter.JMeter: Loading system properties from: /usr/local/Cellar/jmeter/2.13/libexec/bin/system.properties 
2016/01/01 18:37:48 INFO  - jmeter.JMeter: Copyright (c) 1998-2015 The Apache Software Foundation 
2016/01/01 18:37:48 INFO  - jmeter.JMeter: Version 2.13 r1665067 
2016/01/01 18:37:48 INFO  - jmeter.JMeter: java.version=1.8.0_60 
2016/01/01 18:37:48 INFO  - jmeter.JMeter: java.vm.name=Java HotSpot(TM) 64-Bit Server VM 
2016/01/01 18:37:48 INFO  - jmeter.JMeter: os.name=Mac OS X 
2016/01/01 18:37:48 INFO  - jmeter.JMeter: os.arch=x86_64 
2016/01/01 18:37:48 INFO  - jmeter.JMeter: os.version=10.11.2 
2016/01/01 18:37:48 INFO  - jmeter.JMeter: file.encoding=UTF-8 
2016/01/01 18:37:48 INFO  - jmeter.JMeter: Default Locale=English (United States) 
2016/01/01 18:37:48 INFO  - jmeter.JMeter: JMeter  Locale=English (United States) 
2016/01/01 18:37:48 INFO  - jmeter.JMeter: JMeterHome=/usr/local/Cellar/jmeter/2.13/libexec 
2016/01/01 18:37:48 INFO  - jmeter.JMeter: user.dir  =/Users/sneridagh/Documents/docker/perf-o13 
2016/01/01 18:37:48 INFO  - jmeter.JMeter: PWD       =/Users/sneridagh/Documents/docker/perf-o13 
2016/01/01 18:37:48 INFO  - jmeter.JMeter: IP: 192.168.99.1 Name: MacBook-Pro.local FullName: 192.168.99.1 
2016/01/01 18:37:49 INFO  - jmeter.gui.action.LookAndFeelCommand: Using look and feel: com.apple.laf.AquaLookAndFeel [Mac OS X, System] 
2016/01/01 18:37:49 INFO  - jmeter.JMeter: Loaded icon properties from org/apache/jmeter/images/icon.properties 
2016/01/01 18:37:52 INFO  - jmeter.engine.util.CompoundVariable: Note: Function class names must contain the string: '.functions.' 
2016/01/01 18:37:52 INFO  - jmeter.engine.util.CompoundVariable: Note: Function class names must not contain the string: '.gui.' 
2016/01/01 18:37:54 INFO  - jmeter.util.BSFTestElement: Registering JMeter version of JavaScript engine as work-round for BSF-22 
2016/01/01 18:37:54 INFO  - jmeter.protocol.http.sampler.HTTPSamplerBase: Cannot find .className property for htmlParser, using default 
2016/01/01 18:37:54 INFO  - jmeter.protocol.http.sampler.HTTPSamplerBase: Parser for text/html is  
2016/01/01 18:37:54 INFO  - jmeter.protocol.http.sampler.HTTPSamplerBase: Parser for application/xhtml+xml is  
2016/01/01 18:37:54 INFO  - jmeter.protocol.http.sampler.HTTPSamplerBase: Parser for application/xml is  
2016/01/01 18:37:54 INFO  - jmeter.protocol.http.sampler.HTTPSamplerBase: Parser for text/xml is  
2016/01/01 18:37:54 INFO  - jmeter.protocol.http.sampler.HTTPSamplerBase: Parser for text/vnd.wap.wml is org.apache.jmeter.protocol.http.parser.RegexpHTMLParser 
2016/01/01 18:37:54 INFO  - jmeter.gui.util.MenuFactory: Skipping org.apache.jmeter.protocol.http.control.gui.WebServiceSamplerGui 
2016/01/01 18:37:54 INFO  - jmeter.gui.util.MenuFactory: Skipping org.apache.jmeter.protocol.http.modifier.gui.ParamModifierGui 
2016/01/01 18:37:54 INFO  - jorphan.exec.KeyToolUtils: keytool found at 'keytool' 
2016/01/01 18:37:54 INFO  - jmeter.protocol.http.proxy.ProxyControl: HTTP(S) Test Script Recorder SSL Proxy will use keys that support embedded 3rd party resources in file /usr/local/Cellar/jmeter/2.13/libexec/bin/proxyserver.jks 
2016/01/01 18:37:55 INFO  - jmeter.samplers.SampleResult: Note: Sample TimeStamps are START times 
2016/01/01 18:37:55 INFO  - jmeter.samplers.SampleResult: sampleresult.default.encoding is set to ISO-8859-1 
2016/01/01 18:37:55 INFO  - jmeter.samplers.SampleResult: sampleresult.useNanoTime=true 
2016/01/01 18:37:55 INFO  - jmeter.samplers.SampleResult: sampleresult.nanoThreadSleep=5000 
2016/01/01 18:38:02 INFO  - jmeter.services.FileServer: Default base='/Users/sneridagh/Documents/docker/perf-o13' 
2016/01/01 18:38:02 INFO  - jmeter.gui.action.Load: Loading file: /Users/sneridagh/Documents/docker/perf-o13/MinimalTestplan.jmx 
2016/01/01 18:38:02 INFO  - jmeter.services.FileServer: Set new base='/Users/sneridagh/Documents/docker/perf-o13' 
2016/01/01 18:38:02 INFO  - jmeter.save.SaveService: Testplan (JMX) version: 2.2. Testlog (JTL) version: 2.2 
2016/01/01 18:38:02 INFO  - jmeter.save.SaveService: Using SaveService properties file encoding UTF-8 
2016/01/01 18:38:02 INFO  - jmeter.save.SaveService: Using SaveService properties file version 1656252 
2016/01/01 18:38:02 INFO  - jmeter.save.SaveService: Using SaveService properties version 2.8 
2016/01/01 18:38:02 INFO  - jmeter.save.SaveService: All converter versions present and correct 
2016/01/01 18:38:02 INFO  - jmeter.save.SaveService: Loading file: /Users/sneridagh/Documents/docker/perf-o13/MinimalTestplan.jmx 
2016/01/01 18:38:02 INFO  - jmeter.services.FileServer: Set new base='/Users/sneridagh/Documents/docker/perf-o13' 
2016/01/01 18:38:28 INFO  - jmeter.gui.action.Load: Loading file: /Users/sneridagh/Documents/docker/perf-o13/PloneAppContenttypes.jmx 
2016/01/01 18:38:28 INFO  - jmeter.services.FileServer: Set new base='/Users/sneridagh/Documents/docker/perf-o13' 
2016/01/01 18:38:28 INFO  - jmeter.save.SaveService: Loading file: /Users/sneridagh/Documents/docker/perf-o13/PloneAppContenttypes.jmx 
2016/01/01 18:38:28 INFO  - jmeter.protocol.http.control.CookieManager: Settings: Delete null: true Check: true Allow variable: true Save: false Prefix: COOKIE_ 
2016/01/01 18:38:28 INFO  - jmeter.services.FileServer: Set new base='/Users/sneridagh/Documents/docker/perf-o13' 
2016/01/01 20:34:45 INFO  - jmeter.gui.action.Load: Loading file: /Users/sneridagh/Documents/docker/perf-o13/plonebase.jmx 
2016/01/01 20:34:45 INFO  - jmeter.services.FileServer: Set new base='/Users/sneridagh/Documents/docker/perf-o13' 
2016/01/01 20:34:45 INFO  - jmeter.save.SaveService: Loading file: /Users/sneridagh/Documents/docker/perf-o13/plonebase.jmx 
2016/01/01 20:34:45 INFO  - jmeter.services.FileServer: Set new base='/Users/sneridagh/Documents/docker/perf-o13' 
2016/01/01 20:47:04 INFO  - jmeter.gui.action.Load: Loading file: /Users/sneridagh/Documents/docker/perf-o13/rename.jmx 
2016/01/01 20:47:04 INFO  - jmeter.services.FileServer: Set new base='/Users/sneridagh/Documents/docker/perf-o13' 
2016/01/01 20:47:04 INFO  - jmeter.save.SaveService: Loading file: /Users/sneridagh/Documents/docker/perf-o13/rename.jmx 
2016/01/01 20:47:05 INFO  - jmeter.services.FileServer: Set new base='/Users/sneridagh/Documents/docker/perf-o13' 
